<?xml version="1.0" encoding="UTF-8"?>
<!-- Generated by org.testng.reporters.JUnitXMLReporter -->
<testsuite ignored="0" hostname="DESKTOP-PRPOM4F" failures="0" tests="3" name="Default test" time="12.985" errors="0" timestamp="2024-09-23T10:02:50 IST">
  <testcase classname="com.TestClasses.TC004_SignUpPage" name="registerNowUIValidations" time="1.278"/>
  <testcase classname="com.TestClasses.TC004_SignUpPage" name="signUpFieldValidations" time="2.412"/>
  <testcase classname="com.TestClasses.TC004_SignUpPage" name="enterValuesForSignUP" time="1.271"/>
</testsuite> <!-- Default test -->
