<?xml version="1.0" encoding="UTF-8"?>
<testng-results ignored="0" total="3" passed="3" failed="0" skipped="0">
  <reporter-output>
  </reporter-output>
  <suite started-at="2024-09-23T10:02:37 IST" name="Default suite" finished-at="2024-09-23T10:02:50 IST" duration-ms="12985">
    <groups>
    </groups>
    <test started-at="2024-09-23T10:02:37 IST" name="Default test" finished-at="2024-09-23T10:02:50 IST" duration-ms="12985">
      <class name="com.TestClasses.TC004_SignUpPage">
        <test-method is-config="true" signature="openBrowser()[pri:0, instance:com.TestClasses.TC004_SignUpPage@26d9b808]" started-at="2024-09-23T10:02:37 IST" name="openBrowser" finished-at="2024-09-23T10:02:45 IST" duration-ms="7971" status="PASS">
          <reporter-output>
          </reporter-output>
        </test-method> <!-- openBrowser -->
        <test-method signature="registerNowUIValidations()[pri:0, instance:com.TestClasses.TC004_SignUpPage@26d9b808]" started-at="2024-09-23T10:02:45 IST" name="registerNowUIValidations" finished-at="2024-09-23T10:02:46 IST" duration-ms="1278" status="PASS">
          <reporter-output>
          </reporter-output>
        </test-method> <!-- registerNowUIValidations -->
        <test-method signature="signUpFieldValidations()[pri:1, instance:com.TestClasses.TC004_SignUpPage@26d9b808]" started-at="2024-09-23T10:02:46 IST" name="signUpFieldValidations" finished-at="2024-09-23T10:02:48 IST" duration-ms="2412" status="PASS">
          <reporter-output>
          </reporter-output>
        </test-method> <!-- signUpFieldValidations -->
        <test-method signature="enterValuesForSignUP()[pri:2, instance:com.TestClasses.TC004_SignUpPage@26d9b808]" started-at="2024-09-23T10:02:48 IST" name="enterValuesForSignUP" finished-at="2024-09-23T10:02:50 IST" duration-ms="1271" status="PASS">
          <reporter-output>
          </reporter-output>
        </test-method> <!-- enterValuesForSignUP -->
        <test-method is-config="true" signature="closeBrowser()[pri:0, instance:com.TestClasses.TC004_SignUpPage@26d9b808]" started-at="2024-09-23T10:02:50 IST" name="closeBrowser" finished-at="2024-09-23T10:02:50 IST" duration-ms="0" status="PASS">
          <reporter-output>
          </reporter-output>
        </test-method> <!-- closeBrowser -->
      </class> <!-- com.TestClasses.TC004_SignUpPage -->
    </test> <!-- Default test -->
  </suite> <!-- Default suite -->
</testng-results>
